{"startTime":"2020-07-22T02:18:54.815Z","categoryName":"json-test","data":["OPTIONS/login"],"level":{"level":20000,"levelStr":"INFO","colour":"green"},"context":{},"pid":8024},
{"startTime":"2020-07-22T02:18:54.997Z","categoryName":"json-test","data":["POST/login"],"level":{"level":20000,"levelStr":"INFO","colour":"green"},"context":{},"pid":8024},
{"startTime":"2020-07-22T02:19:01.882Z","categoryName":"json-test","data":["OPTIONS/login"],"level":{"level":20000,"levelStr":"INFO","colour":"green"},"context":{},"pid":8024},
{"startTime":"2020-07-22T02:19:01.964Z","categoryName":"json-test","data":["POST/login"],"level":{"level":20000,"levelStr":"INFO","colour":"green"},"context":{},"pid":8024},
{"startTime":"2020-07-22T02:19:10.974Z","categoryName":"json-test","data":["OPTIONS/login"],"level":{"level":20000,"levelStr":"INFO","colour":"green"},"context":{},"pid":8024},
{"startTime":"2020-07-22T02:19:11.056Z","categoryName":"json-test","data":["POST/login"],"level":{"level":20000,"levelStr":"INFO","colour":"green"},"context":{},"pid":8024},
{"startTime":"2020-07-22T02:19:26.240Z","categoryName":"json-test","data":["OPTIONS/api/getImgs"],"level":{"level":20000,"levelStr":"INFO","colour":"green"},"context":{},"pid":8024},
{"startTime":"2020-07-22T02:19:26.323Z","categoryName":"json-test","data":["POST/api/getImgs"],"level":{"level":20000,"levelStr":"INFO","colour":"green"},"context":{},"pid":8024},
{"startTime":"2020-07-22T02:19:34.478Z","categoryName":"json-test","data":["OPTIONS/api/getAll"],"level":{"level":20000,"levelStr":"INFO","colour":"green"},"context":{},"pid":8024},
{"startTime":"2020-07-22T02:19:34.512Z","categoryName":"json-test","data":["OPTIONS/api/getAll"],"level":{"level":20000,"levelStr":"INFO","colour":"green"},"context":{},"pid":8024},
{"startTime":"2020-07-22T02:19:34.561Z","categoryName":"json-test","data":["POST/api/getAll"],"level":{"level":20000,"levelStr":"INFO","colour":"green"},"context":{},"pid":8024},
{"startTime":"2020-07-22T02:19:34.578Z","categoryName":"json-test","data":["POST/api/getAll"],"level":{"level":20000,"levelStr":"INFO","colour":"green"},"context":{},"pid":8024},
{"startTime":"2020-07-22T02:19:34.735Z","categoryName":"json-test","data":["POST/api/getAll"],"level":{"level":20000,"levelStr":"INFO","colour":"green"},"context":{},"pid":8024},
{"startTime":"2020-07-22T02:19:39.999Z","categoryName":"json-test","data":["OPTIONS/api/getImgs"],"level":{"level":20000,"levelStr":"INFO","colour":"green"},"context":{},"pid":8024},
{"startTime":"2020-07-22T02:19:40.221Z","categoryName":"json-test","data":["POST/api/getImgs"],"level":{"level":20000,"levelStr":"INFO","colour":"green"},"context":{},"pid":8024},
{"startTime":"2020-07-22T02:19:59.581Z","categoryName":"json-test","data":["OPTIONS/api/getImgs"],"level":{"level":20000,"levelStr":"INFO","colour":"green"},"context":{},"pid":8024},
{"startTime":"2020-07-22T02:19:59.650Z","categoryName":"json-test","data":["POST/api/getImgs"],"level":{"level":20000,"levelStr":"INFO","colour":"green"},"context":{},"pid":8024},
{"startTime":"2020-07-22T02:20:07.072Z","categoryName":"json-test","data":["OPTIONS/api/getImgs"],"level":{"level":20000,"levelStr":"INFO","colour":"green"},"context":{},"pid":8024},
{"startTime":"2020-07-22T02:20:07.144Z","categoryName":"json-test","data":["POST/api/getImgs"],"level":{"level":20000,"levelStr":"INFO","colour":"green"},"context":{},"pid":8024},
{"startTime":"2020-07-22T02:20:45.729Z","categoryName":"json-test","data":["OPTIONS/api/getImgs"],"level":{"level":20000,"levelStr":"INFO","colour":"green"},"context":{},"pid":8024},
{"startTime":"2020-07-22T02:20:45.800Z","categoryName":"json-test","data":["POST/api/getImgs"],"level":{"level":20000,"levelStr":"INFO","colour":"green"},"context":{},"pid":8024},
{"startTime":"2020-07-22T02:20:47.481Z","categoryName":"json-test","data":["OPTIONS/api/getAll"],"level":{"level":20000,"levelStr":"INFO","colour":"green"},"context":{},"pid":8024},
{"startTime":"2020-07-22T02:20:47.552Z","categoryName":"json-test","data":["POST/api/getAll"],"level":{"level":20000,"levelStr":"INFO","colour":"green"},"context":{},"pid":8024},
{"startTime":"2020-07-22T02:21:19.501Z","categoryName":"json-test","data":["OPTIONS/api/getAll"],"level":{"level":20000,"levelStr":"INFO","colour":"green"},"context":{},"pid":8024},
{"startTime":"2020-07-22T02:21:19.578Z","categoryName":"json-test","data":["POST/api/getAll"],"level":{"level":20000,"levelStr":"INFO","colour":"green"},"context":{},"pid":8024},
{"startTime":"2020-07-24T07:37:50.110Z","categoryName":"json-test","data":["OPTIONS/api/getAll"],"level":{"level":20000,"levelStr":"INFO","colour":"green"},"context":{},"pid":7284},
{"startTime":"2020-07-24T07:37:50.124Z","categoryName":"json-test","data":["OPTIONS/api/getAll"],"level":{"level":20000,"levelStr":"INFO","colour":"green"},"context":{},"pid":7284},
{"startTime":"2020-07-24T07:37:50.244Z","categoryName":"json-test","data":["POST/api/getAll"],"level":{"level":20000,"levelStr":"INFO","colour":"green"},"context":{},"pid":7284},
{"startTime":"2020-07-24T07:37:50.301Z","categoryName":"json-test","data":["POST/api/getAll"],"level":{"level":20000,"levelStr":"INFO","colour":"green"},"context":{},"pid":7284},
{"startTime":"2020-07-24T07:37:58.482Z","categoryName":"json-test","data":["OPTIONS/login"],"level":{"level":20000,"levelStr":"INFO","colour":"green"},"context":{},"pid":7284},
{"startTime":"2020-07-24T07:37:58.555Z","categoryName":"json-test","data":["POST/login"],"level":{"level":20000,"levelStr":"INFO","colour":"green"},"context":{},"pid":7284},
{"startTime":"2020-07-24T09:05:59.785Z","categoryName":"json-test","data":["OPTIONS/login"],"level":{"level":20000,"levelStr":"INFO","colour":"green"},"context":{},"pid":15324},
{"startTime":"2020-07-24T09:05:59.803Z","categoryName":"json-test","data":["POST/login"],"level":{"level":20000,"levelStr":"INFO","colour":"green"},"context":{},"pid":15324},
{"startTime":"2020-07-24T09:06:13.296Z","categoryName":"json-test","data":["OPTIONS/login"],"level":{"level":20000,"levelStr":"INFO","colour":"green"},"context":{},"pid":15324},
{"startTime":"2020-07-24T09:06:13.300Z","categoryName":"json-test","data":["POST/login"],"level":{"level":20000,"levelStr":"INFO","colour":"green"},"context":{},"pid":15324},
{"startTime":"2020-07-24T09:07:01.359Z","categoryName":"json-test","data":["OPTIONS/login"],"level":{"level":20000,"levelStr":"INFO","colour":"green"},"context":{},"pid":15324},
{"startTime":"2020-07-24T09:07:01.381Z","categoryName":"json-test","data":["POST/login"],"level":{"level":20000,"levelStr":"INFO","colour":"green"},"context":{},"pid":15324},
{"startTime":"2020-07-24T09:08:06.571Z","categoryName":"json-test","data":["OPTIONS/api/getAll"],"level":{"level":20000,"levelStr":"INFO","colour":"green"},"context":{},"pid":15264},
{"startTime":"2020-07-24T09:08:06.587Z","categoryName":"json-test","data":["OPTIONS/api/getAll"],"level":{"level":20000,"levelStr":"INFO","colour":"green"},"context":{},"pid":15264},
{"startTime":"2020-07-24T09:08:07.495Z","categoryName":"json-test","data":["POST/api/getAll"],"level":{"level":20000,"levelStr":"INFO","colour":"green"},"context":{},"pid":15264},
{"startTime":"2020-07-24T09:08:07.596Z","categoryName":"json-test","data":["POST/api/getAll"],"level":{"level":20000,"levelStr":"INFO","colour":"green"},"context":{},"pid":15264},
{"startTime":"2020-07-24T09:08:07.615Z","categoryName":"json-test","data":["POST/api/getAll"],"level":{"level":20000,"levelStr":"INFO","colour":"green"},"context":{},"pid":15264},
{"startTime":"2020-07-24T09:10:53.857Z","categoryName":"json-test","data":["OPTIONS/login"],"level":{"level":20000,"levelStr":"INFO","colour":"green"},"context":{},"pid":15324},
{"startTime":"2020-07-24T09:10:53.866Z","categoryName":"json-test","data":["POST/login"],"level":{"level":20000,"levelStr":"INFO","colour":"green"},"context":{},"pid":15324},
{"startTime":"2020-07-24T10:03:08.486Z","categoryName":"json-test","data":["OPTIONS/login"],"level":{"level":20000,"levelStr":"INFO","colour":"green"},"context":{},"pid":15324},
{"startTime":"2020-07-24T10:03:08.491Z","categoryName":"json-test","data":["POST/login"],"level":{"level":20000,"levelStr":"INFO","colour":"green"},"context":{},"pid":15324},
{"startTime":"2020-07-27T01:09:47.037Z","categoryName":"json-test","data":["OPTIONS/login"],"level":{"level":20000,"levelStr":"INFO","colour":"green"},"context":{},"pid":4196},
{"startTime":"2020-07-27T01:09:47.065Z","categoryName":"json-test","data":["POST/login"],"level":{"level":20000,"levelStr":"INFO","colour":"green"},"context":{},"pid":4196},
{"startTime":"2020-07-27T01:24:24.920Z","categoryName":"json-test","data":["OPTIONS/login"],"level":{"level":20000,"levelStr":"INFO","colour":"green"},"context":{},"pid":4196},
{"startTime":"2020-07-27T01:24:24.925Z","categoryName":"json-test","data":["POST/login"],"level":{"level":20000,"levelStr":"INFO","colour":"green"},"context":{},"pid":4196},
{"startTime":"2020-07-27T02:03:56.828Z","categoryName":"json-test","data":["OPTIONS/login"],"level":{"level":20000,"levelStr":"INFO","colour":"green"},"context":{},"pid":4196},
{"startTime":"2020-07-27T02:03:56.833Z","categoryName":"json-test","data":["POST/login"],"level":{"level":20000,"levelStr":"INFO","colour":"green"},"context":{},"pid":4196},
{"startTime":"2020-07-27T05:48:00.215Z","categoryName":"json-test","data":["POST/login"],"level":{"level":20000,"levelStr":"INFO","colour":"green"},"context":{},"pid":4196},
{"startTime":"2020-07-27T05:48:16.070Z","categoryName":"json-test","data":["OPTIONS/login"],"level":{"level":20000,"levelStr":"INFO","colour":"green"},"context":{},"pid":4196},
{"startTime":"2020-07-27T05:48:16.074Z","categoryName":"json-test","data":["POST/login"],"level":{"level":20000,"levelStr":"INFO","colour":"green"},"context":{},"pid":4196},
{"startTime":"2020-07-27T06:01:12.178Z","categoryName":"json-test","data":["POST/login"],"level":{"level":20000,"levelStr":"INFO","colour":"green"},"context":{},"pid":4196},
{"startTime":"2020-07-27T06:01:21.362Z","categoryName":"json-test","data":["POST/login"],"level":{"level":20000,"levelStr":"INFO","colour":"green"},"context":{},"pid":4196},
{"startTime":"2020-07-27T06:01:50.701Z","categoryName":"json-test","data":["POST/login"],"level":{"level":20000,"levelStr":"INFO","colour":"green"},"context":{},"pid":4196},
{"startTime":"2020-07-27T06:06:40.223Z","categoryName":"json-test","data":["OPTIONS/login"],"level":{"level":20000,"levelStr":"INFO","colour":"green"},"context":{},"pid":4196},
{"startTime":"2020-07-27T06:06:40.238Z","categoryName":"json-test","data":["POST/login"],"level":{"level":20000,"levelStr":"INFO","colour":"green"},"context":{},"pid":4196},
{"startTime":"2020-07-27T06:15:21.683Z","categoryName":"json-test","data":["POST/login"],"level":{"level":20000,"levelStr":"INFO","colour":"green"},"context":{},"pid":4196},
{"startTime":"2020-07-27T06:15:26.261Z","categoryName":"json-test","data":["POST/login"],"level":{"level":20000,"levelStr":"INFO","colour":"green"},"context":{},"pid":4196},
{"startTime":"2020-07-27T06:15:31.384Z","categoryName":"json-test","data":["POST/login"],"level":{"level":20000,"levelStr":"INFO","colour":"green"},"context":{},"pid":4196},
{"startTime":"2020-07-27T06:15:42.163Z","categoryName":"json-test","data":["POST/login"],"level":{"level":20000,"levelStr":"INFO","colour":"green"},"context":{},"pid":4196},
{"startTime":"2020-07-27T06:17:49.407Z","categoryName":"json-test","data":["OPTIONS/login"],"level":{"level":20000,"levelStr":"INFO","colour":"green"},"context":{},"pid":4196},
{"startTime":"2020-07-27T06:17:49.415Z","categoryName":"json-test","data":["POST/login"],"level":{"level":20000,"levelStr":"INFO","colour":"green"},"context":{},"pid":4196},
{"startTime":"2020-07-27T06:17:56.597Z","categoryName":"json-test","data":["OPTIONS/login"],"level":{"level":20000,"levelStr":"INFO","colour":"green"},"context":{},"pid":4196},
{"startTime":"2020-07-27T06:17:56.604Z","categoryName":"json-test","data":["POST/login"],"level":{"level":20000,"levelStr":"INFO","colour":"green"},"context":{},"pid":4196},
{"startTime":"2020-07-27T06:19:08.566Z","categoryName":"json-test","data":["OPTIONS/login"],"level":{"level":20000,"levelStr":"INFO","colour":"green"},"context":{},"pid":4196},
{"startTime":"2020-07-27T06:19:08.576Z","categoryName":"json-test","data":["POST/login"],"level":{"level":20000,"levelStr":"INFO","colour":"green"},"context":{},"pid":4196},
{"startTime":"2020-07-27T06:21:03.341Z","categoryName":"json-test","data":["OPTIONS/login"],"level":{"level":20000,"levelStr":"INFO","colour":"green"},"context":{},"pid":4196},
{"startTime":"2020-07-27T06:21:03.350Z","categoryName":"json-test","data":["POST/login"],"level":{"level":20000,"levelStr":"INFO","colour":"green"},"context":{},"pid":4196},
{"startTime":"2020-07-27T06:21:33.677Z","categoryName":"json-test","data":["OPTIONS/login"],"level":{"level":20000,"levelStr":"INFO","colour":"green"},"context":{},"pid":4196},
{"startTime":"2020-07-27T06:21:33.685Z","categoryName":"json-test","data":["POST/login"],"level":{"level":20000,"levelStr":"INFO","colour":"green"},"context":{},"pid":4196},
{"startTime":"2020-07-27T06:21:42.461Z","categoryName":"json-test","data":["OPTIONS/login"],"level":{"level":20000,"levelStr":"INFO","colour":"green"},"context":{},"pid":4196},
{"startTime":"2020-07-27T06:21:42.467Z","categoryName":"json-test","data":["POST/login"],"level":{"level":20000,"levelStr":"INFO","colour":"green"},"context":{},"pid":4196},
{"startTime":"2020-07-27T06:34:30.552Z","categoryName":"json-test","data":["POST/register"],"level":{"level":20000,"levelStr":"INFO","colour":"green"},"context":{},"pid":4196},
{"startTime":"2020-07-27T06:35:48.493Z","categoryName":"json-test","data":["POST/register"],"level":{"level":20000,"levelStr":"INFO","colour":"green"},"context":{},"pid":4196},
{"startTime":"2020-07-27T06:36:42.540Z","categoryName":"json-test","data":["POST/register"],"level":{"level":20000,"levelStr":"INFO","colour":"green"},"context":{},"pid":4196},
{"startTime":"2020-07-27T06:37:05.708Z","categoryName":"json-test","data":["POST/register"],"level":{"level":20000,"levelStr":"INFO","colour":"green"},"context":{},"pid":4196},
{"startTime":"2020-07-27T06:38:01.450Z","categoryName":"json-test","data":["OPTIONS/register"],"level":{"level":20000,"levelStr":"INFO","colour":"green"},"context":{},"pid":4196},
{"startTime":"2020-07-27T06:38:01.455Z","categoryName":"json-test","data":["POST/register"],"level":{"level":20000,"levelStr":"INFO","colour":"green"},"context":{},"pid":4196},
{"startTime":"2020-07-27T06:38:25.435Z","categoryName":"json-test","data":["OPTIONS/register"],"level":{"level":20000,"levelStr":"INFO","colour":"green"},"context":{},"pid":4196},
{"startTime":"2020-07-27T06:38:25.446Z","categoryName":"json-test","data":["POST/register"],"level":{"level":20000,"levelStr":"INFO","colour":"green"},"context":{},"pid":4196},
{"startTime":"2020-07-27T06:38:52.678Z","categoryName":"json-test","data":["POST/register"],"level":{"level":20000,"levelStr":"INFO","colour":"green"},"context":{},"pid":4196},
{"startTime":"2020-07-28T02:55:19.501Z","categoryName":"json-test","data":["OPTIONS/login"],"level":{"level":20000,"levelStr":"INFO","colour":"green"},"context":{},"pid":12508},
{"startTime":"2020-07-28T02:55:19.528Z","categoryName":"json-test","data":["POST/login"],"level":{"level":20000,"levelStr":"INFO","colour":"green"},"context":{},"pid":12508},
{"startTime":"2020-07-31T01:24:21.924Z","categoryName":"json-test","data":["OPTIONS/login"],"level":{"level":20000,"levelStr":"INFO","colour":"green"},"context":{},"pid":1372},
{"startTime":"2020-07-31T01:24:22.064Z","categoryName":"json-test","data":["POST/login"],"level":{"level":20000,"levelStr":"INFO","colour":"green"},"context":{},"pid":1372},
{"startTime":"2020-07-31T01:24:40.520Z","categoryName":"json-test","data":["OPTIONS/login"],"level":{"level":20000,"levelStr":"INFO","colour":"green"},"context":{},"pid":1372},
{"startTime":"2020-07-31T01:24:40.611Z","categoryName":"json-test","data":["POST/login"],"level":{"level":20000,"levelStr":"INFO","colour":"green"},"context":{},"pid":1372},
{"startTime":"2020-07-31T01:24:52.978Z","categoryName":"json-test","data":["OPTIONS/api/getAll"],"level":{"level":20000,"levelStr":"INFO","colour":"green"},"context":{},"pid":1372},
{"startTime":"2020-07-31T01:24:53.026Z","categoryName":"json-test","data":["OPTIONS/api/getAll"],"level":{"level":20000,"levelStr":"INFO","colour":"green"},"context":{},"pid":1372},
{"startTime":"2020-07-31T01:24:53.058Z","categoryName":"json-test","data":["POST/api/getAll"],"level":{"level":20000,"levelStr":"INFO","colour":"green"},"context":{},"pid":1372},
{"startTime":"2020-07-31T01:24:53.100Z","categoryName":"json-test","data":["POST/api/getAll"],"level":{"level":20000,"levelStr":"INFO","colour":"green"},"context":{},"pid":1372},
{"startTime":"2020-07-31T01:24:53.178Z","categoryName":"json-test","data":["POST/api/getAll"],"level":{"level":20000,"levelStr":"INFO","colour":"green"},"context":{},"pid":1372},
{"startTime":"2020-07-31T01:24:53.900Z","categoryName":"json-test","data":["OPTIONS/api/getImgs"],"level":{"level":20000,"levelStr":"INFO","colour":"green"},"context":{},"pid":1372},
{"startTime":"2020-07-31T01:24:53.977Z","categoryName":"json-test","data":["POST/api/getImgs"],"level":{"level":20000,"levelStr":"INFO","colour":"green"},"context":{},"pid":1372},
{"startTime":"2020-08-06T08:31:46.542Z","categoryName":"json-test","data":["OPTIONS/api/getAll"],"level":{"level":20000,"levelStr":"INFO","colour":"green"},"context":{},"pid":14244},
{"startTime":"2020-08-06T08:31:46.552Z","categoryName":"json-test","data":["OPTIONS/api/getAll"],"level":{"level":20000,"levelStr":"INFO","colour":"green"},"context":{},"pid":14244},
{"startTime":"2020-08-06T08:31:46.651Z","categoryName":"json-test","data":["POST/api/getAll"],"level":{"level":20000,"levelStr":"INFO","colour":"green"},"context":{},"pid":14244},
{"startTime":"2020-08-06T08:31:46.728Z","categoryName":"json-test","data":["POST/api/getAll"],"level":{"level":20000,"levelStr":"INFO","colour":"green"},"context":{},"pid":14244},
{"startTime":"2020-08-06T08:31:56.560Z","categoryName":"json-test","data":["OPTIONS/login"],"level":{"level":20000,"levelStr":"INFO","colour":"green"},"context":{},"pid":14244},
{"startTime":"2020-08-06T08:31:56.629Z","categoryName":"json-test","data":["POST/login"],"level":{"level":20000,"levelStr":"INFO","colour":"green"},"context":{},"pid":14244},
{"startTime":"2020-08-06T08:31:59.097Z","categoryName":"json-test","data":["OPTIONS/api/getAll"],"level":{"level":20000,"levelStr":"INFO","colour":"green"},"context":{},"pid":14244},
{"startTime":"2020-08-06T08:31:59.102Z","categoryName":"json-test","data":["OPTIONS/api/getAll"],"level":{"level":20000,"levelStr":"INFO","colour":"green"},"context":{},"pid":14244},
{"startTime":"2020-08-06T08:31:59.153Z","categoryName":"json-test","data":["POST/api/getAll"],"level":{"level":20000,"levelStr":"INFO","colour":"green"},"context":{},"pid":14244},
{"startTime":"2020-08-06T08:31:59.169Z","categoryName":"json-test","data":["POST/api/getAll"],"level":{"level":20000,"levelStr":"INFO","colour":"green"},"context":{},"pid":14244},
{"startTime":"2020-08-06T08:31:59.296Z","categoryName":"json-test","data":["POST/api/getAll"],"level":{"level":20000,"levelStr":"INFO","colour":"green"},"context":{},"pid":14244},
{"startTime":"2020-08-06T08:32:01.804Z","categoryName":"json-test","data":["POST/api/getAll"],"level":{"level":20000,"levelStr":"INFO","colour":"green"},"context":{},"pid":14244},
{"startTime":"2020-08-06T08:32:03.084Z","categoryName":"json-test","data":["OPTIONS/api/getImgs"],"level":{"level":20000,"levelStr":"INFO","colour":"green"},"context":{},"pid":14244},
{"startTime":"2020-08-06T08:32:03.150Z","categoryName":"json-test","data":["POST/api/getImgs"],"level":{"level":20000,"levelStr":"INFO","colour":"green"},"context":{},"pid":14244},
{"startTime":"2020-08-06T08:32:06.009Z","categoryName":"json-test","data":["POST/api/getImgs"],"level":{"level":20000,"levelStr":"INFO","colour":"green"},"context":{},"pid":14244},
{"startTime":"2020-08-06T08:32:08.865Z","categoryName":"json-test","data":["OPTIONS/api/getImgs"],"level":{"level":20000,"levelStr":"INFO","colour":"green"},"context":{},"pid":14244},
{"startTime":"2020-08-06T08:32:08.930Z","categoryName":"json-test","data":["POST/api/getImgs"],"level":{"level":20000,"levelStr":"INFO","colour":"green"},"context":{},"pid":14244},
{"startTime":"2020-08-06T08:32:13.048Z","categoryName":"json-test","data":["OPTIONS/api/upload"],"level":{"level":20000,"levelStr":"INFO","colour":"green"},"context":{},"pid":14244},
{"startTime":"2020-08-06T08:32:13.142Z","categoryName":"json-test","data":["POST/api/upload"],"level":{"level":20000,"levelStr":"INFO","colour":"green"},"context":{},"pid":14244},
{"startTime":"2020-08-06T08:32:17.786Z","categoryName":"json-test","data":["OPTIONS/api/getImgs"],"level":{"level":20000,"levelStr":"INFO","colour":"green"},"context":{},"pid":14244},
{"startTime":"2020-08-06T08:32:17.854Z","categoryName":"json-test","data":["POST/api/getImgs"],"level":{"level":20000,"levelStr":"INFO","colour":"green"},"context":{},"pid":14244},
{"startTime":"2020-08-06T08:32:41.728Z","categoryName":"json-test","data":["OPTIONS/api/getImgs"],"level":{"level":20000,"levelStr":"INFO","colour":"green"},"context":{},"pid":14244},
{"startTime":"2020-08-06T08:32:41.888Z","categoryName":"json-test","data":["POST/api/getImgs"],"level":{"level":20000,"levelStr":"INFO","colour":"green"},"context":{},"pid":14244},
{"startTime":"2020-08-06T08:33:29.380Z","categoryName":"json-test","data":["OPTIONS/api/getImgs"],"level":{"level":20000,"levelStr":"INFO","colour":"green"},"context":{},"pid":14244},
{"startTime":"2020-08-06T08:33:29.443Z","categoryName":"json-test","data":["POST/api/getImgs"],"level":{"level":20000,"levelStr":"INFO","colour":"green"},"context":{},"pid":14244},
{"startTime":"2020-08-06T08:34:27.791Z","categoryName":"json-test","data":["OPTIONS/api/getAll"],"level":{"level":20000,"levelStr":"INFO","colour":"green"},"context":{},"pid":14244},
{"startTime":"2020-08-06T08:34:27.824Z","categoryName":"json-test","data":["OPTIONS/api/getAll"],"level":{"level":20000,"levelStr":"INFO","colour":"green"},"context":{},"pid":14244},
{"startTime":"2020-08-06T08:34:27.858Z","categoryName":"json-test","data":["POST/api/getAll"],"level":{"level":20000,"levelStr":"INFO","colour":"green"},"context":{},"pid":14244},
{"startTime":"2020-08-06T08:34:27.888Z","categoryName":"json-test","data":["POST/api/getAll"],"level":{"level":20000,"levelStr":"INFO","colour":"green"},"context":{},"pid":14244},
{"startTime":"2020-08-06T08:34:34.301Z","categoryName":"json-test","data":["OPTIONS/login"],"level":{"level":20000,"levelStr":"INFO","colour":"green"},"context":{},"pid":14244},
{"startTime":"2020-08-06T08:34:34.361Z","categoryName":"json-test","data":["POST/login"],"level":{"level":20000,"levelStr":"INFO","colour":"green"},"context":{},"pid":14244},
{"startTime":"2020-08-06T08:34:37.741Z","categoryName":"json-test","data":["OPTIONS/api/getImgs"],"level":{"level":20000,"levelStr":"INFO","colour":"green"},"context":{},"pid":14244},
{"startTime":"2020-08-06T08:34:37.823Z","categoryName":"json-test","data":["POST/api/getImgs"],"level":{"level":20000,"levelStr":"INFO","colour":"green"},"context":{},"pid":14244},
{"startTime":"2020-08-06T08:34:42.423Z","categoryName":"json-test","data":["POST/api/getImgs"],"level":{"level":20000,"levelStr":"INFO","colour":"green"},"context":{},"pid":14244},
{"startTime":"2020-08-06T08:34:47.460Z","categoryName":"json-test","data":["OPTIONS/api/upload"],"level":{"level":20000,"levelStr":"INFO","colour":"green"},"context":{},"pid":14244},
{"startTime":"2020-08-06T08:34:47.543Z","categoryName":"json-test","data":["POST/api/upload"],"level":{"level":20000,"levelStr":"INFO","colour":"green"},"context":{},"pid":14244},
{"startTime":"2020-08-06T08:38:06.987Z","categoryName":"json-test","data":["OPTIONS/api/getImgs"],"level":{"level":20000,"levelStr":"INFO","colour":"green"},"context":{},"pid":14244},
{"startTime":"2020-08-06T08:38:07.052Z","categoryName":"json-test","data":["POST/api/getImgs"],"level":{"level":20000,"levelStr":"INFO","colour":"green"},"context":{},"pid":14244},
{"startTime":"2020-08-06T08:38:15.203Z","categoryName":"json-test","data":["OPTIONS/api/getImgs"],"level":{"level":20000,"levelStr":"INFO","colour":"green"},"context":{},"pid":14244},
{"startTime":"2020-08-06T08:38:15.419Z","categoryName":"json-test","data":["POST/api/getImgs"],"level":{"level":20000,"levelStr":"INFO","colour":"green"},"context":{},"pid":14244},
{"startTime":"2020-08-06T08:38:16.275Z","categoryName":"json-test","data":["POST/api/getImgs"],"level":{"level":20000,"levelStr":"INFO","colour":"green"},"context":{},"pid":14244},
{"startTime":"2020-08-06T08:38:21.136Z","categoryName":"json-test","data":["OPTIONS/api/upload"],"level":{"level":20000,"levelStr":"INFO","colour":"green"},"context":{},"pid":14244},
{"startTime":"2020-08-06T08:38:21.289Z","categoryName":"json-test","data":["POST/api/upload"],"level":{"level":20000,"levelStr":"INFO","colour":"green"},"context":{},"pid":14244},
{"startTime":"2020-08-06T08:38:44.568Z","categoryName":"json-test","data":["OPTIONS/api/getImgs"],"level":{"level":20000,"levelStr":"INFO","colour":"green"},"context":{},"pid":14244},
{"startTime":"2020-08-06T08:38:44.755Z","categoryName":"json-test","data":["POST/api/getImgs"],"level":{"level":20000,"levelStr":"INFO","colour":"green"},"context":{},"pid":14244},
{"startTime":"2020-08-06T08:40:40.083Z","categoryName":"json-test","data":["OPTIONS/api/getImgs"],"level":{"level":20000,"levelStr":"INFO","colour":"green"},"context":{},"pid":11248},
{"startTime":"2020-08-06T08:40:40.154Z","categoryName":"json-test","data":["POST/api/getImgs"],"level":{"level":20000,"levelStr":"INFO","colour":"green"},"context":{},"pid":11248},
{"startTime":"2020-08-06T08:40:47.971Z","categoryName":"json-test","data":["OPTIONS/api/getImgs"],"level":{"level":20000,"levelStr":"INFO","colour":"green"},"context":{},"pid":11248},
{"startTime":"2020-08-06T08:40:48.038Z","categoryName":"json-test","data":["POST/api/getImgs"],"level":{"level":20000,"levelStr":"INFO","colour":"green"},"context":{},"pid":11248},
{"startTime":"2020-08-06T08:40:56.428Z","categoryName":"json-test","data":["OPTIONS/api/getImgs"],"level":{"level":20000,"levelStr":"INFO","colour":"green"},"context":{},"pid":11248},
{"startTime":"2020-08-06T08:40:56.494Z","categoryName":"json-test","data":["POST/api/getImgs"],"level":{"level":20000,"levelStr":"INFO","colour":"green"},"context":{},"pid":11248},
{"startTime":"2020-08-06T08:41:01.693Z","categoryName":"json-test","data":["OPTIONS/api/upload"],"level":{"level":20000,"levelStr":"INFO","colour":"green"},"context":{},"pid":11248},
{"startTime":"2020-08-06T08:41:01.786Z","categoryName":"json-test","data":["POST/api/upload"],"level":{"level":20000,"levelStr":"INFO","colour":"green"},"context":{},"pid":11248},
{"startTime":"2020-08-06T08:41:15.755Z","categoryName":"json-test","data":["OPTIONS/api/updateImgs"],"level":{"level":20000,"levelStr":"INFO","colour":"green"},"context":{},"pid":11248},
{"startTime":"2020-08-06T08:41:15.819Z","categoryName":"json-test","data":["POST/api/updateImgs"],"level":{"level":20000,"levelStr":"INFO","colour":"green"},"context":{},"pid":11248},
{"startTime":"2020-08-06T08:41:15.892Z","categoryName":"json-test","data":["OPTIONS/api/getImgs"],"level":{"level":20000,"levelStr":"INFO","colour":"green"},"context":{},"pid":11248},
{"startTime":"2020-08-06T08:41:15.960Z","categoryName":"json-test","data":["POST/api/getImgs"],"level":{"level":20000,"levelStr":"INFO","colour":"green"},"context":{},"pid":11248},
{"startTime":"2020-08-06T08:41:18.855Z","categoryName":"json-test","data":["POST/api/getImgs"],"level":{"level":20000,"levelStr":"INFO","colour":"green"},"context":{},"pid":11248},
{"startTime":"2020-08-07T00:42:47.168Z","categoryName":"json-test","data":["OPTIONS/api/getImgs"],"level":{"level":20000,"levelStr":"INFO","colour":"green"},"context":{},"pid":5808},
{"startTime":"2020-08-07T00:42:47.290Z","categoryName":"json-test","data":["POST/api/getImgs"],"level":{"level":20000,"levelStr":"INFO","colour":"green"},"context":{},"pid":5808},
{"startTime":"2020-08-07T06:16:49.074Z","categoryName":"json-test","data":["OPTIONS/api/upload"],"level":{"level":20000,"levelStr":"INFO","colour":"green"},"context":{},"pid":8300},
{"startTime":"2020-08-07T06:16:49.096Z","categoryName":"json-test","data":["POST/api/upload"],"level":{"level":20000,"levelStr":"INFO","colour":"green"},"context":{},"pid":8300},
{"startTime":"2020-08-07T09:26:58.780Z","categoryName":"json-test","data":["OPTIONS/api/getAll"],"level":{"level":20000,"levelStr":"INFO","colour":"green"},"context":{},"pid":15304},
{"startTime":"2020-08-07T09:26:58.790Z","categoryName":"json-test","data":["OPTIONS/api/getAll"],"level":{"level":20000,"levelStr":"INFO","colour":"green"},"context":{},"pid":15304},
{"startTime":"2020-08-07T09:26:58.885Z","categoryName":"json-test","data":["POST/api/getAll"],"level":{"level":20000,"levelStr":"INFO","colour":"green"},"context":{},"pid":15304},
{"startTime":"2020-08-07T09:26:58.887Z","categoryName":"json-test","data":["POST/api/getAll"],"level":{"level":20000,"levelStr":"INFO","colour":"green"},"context":{},"pid":15304},
{"startTime":"2020-08-07T09:27:05.503Z","categoryName":"json-test","data":["OPTIONS/login"],"level":{"level":20000,"levelStr":"INFO","colour":"green"},"context":{},"pid":15304},
{"startTime":"2020-08-07T09:27:05.573Z","categoryName":"json-test","data":["POST/login"],"level":{"level":20000,"levelStr":"INFO","colour":"green"},"context":{},"pid":15304},
{"startTime":"2020-08-07T09:27:11.508Z","categoryName":"json-test","data":["OPTIONS/api/getImgs"],"level":{"level":20000,"levelStr":"INFO","colour":"green"},"context":{},"pid":15304},
{"startTime":"2020-08-07T09:27:11.572Z","categoryName":"json-test","data":["POST/api/getImgs"],"level":{"level":20000,"levelStr":"INFO","colour":"green"},"context":{},"pid":15304},
{"startTime":"2020-08-07T09:27:19.419Z","categoryName":"json-test","data":["OPTIONS/api/getImgs"],"level":{"level":20000,"levelStr":"INFO","colour":"green"},"context":{},"pid":15304},
{"startTime":"2020-08-07T09:27:19.487Z","categoryName":"json-test","data":["POST/api/getImgs"],"level":{"level":20000,"levelStr":"INFO","colour":"green"},"context":{},"pid":15304},
{"startTime":"2020-08-07T09:27:20.416Z","categoryName":"json-test","data":["POST/api/getImgs"],"level":{"level":20000,"levelStr":"INFO","colour":"green"},"context":{},"pid":15304},
{"startTime":"2020-08-07T09:27:23.168Z","categoryName":"json-test","data":["POST/api/getImgs"],"level":{"level":20000,"levelStr":"INFO","colour":"green"},"context":{},"pid":15304},
{"startTime":"2020-08-07T09:27:30.170Z","categoryName":"json-test","data":["OPTIONS/api/upload"],"level":{"level":20000,"levelStr":"INFO","colour":"green"},"context":{},"pid":15304},
{"startTime":"2020-08-07T09:27:30.263Z","categoryName":"json-test","data":["POST/api/upload"],"level":{"level":20000,"levelStr":"INFO","colour":"green"},"context":{},"pid":15304},
{"startTime":"2020-08-07T09:27:44.395Z","categoryName":"json-test","data":["OPTIONS/api/getImgs"],"level":{"level":20000,"levelStr":"INFO","colour":"green"},"context":{},"pid":15304},
{"startTime":"2020-08-07T09:27:44.493Z","categoryName":"json-test","data":["POST/api/getImgs"],"level":{"level":20000,"levelStr":"INFO","colour":"green"},"context":{},"pid":15304},
{"startTime":"2020-08-07T09:28:27.404Z","categoryName":"json-test","data":["OPTIONS/api/getImgs"],"level":{"level":20000,"levelStr":"INFO","colour":"green"},"context":{},"pid":15304},
{"startTime":"2020-08-07T09:28:27.472Z","categoryName":"json-test","data":["POST/api/getImgs"],"level":{"level":20000,"levelStr":"INFO","colour":"green"},"context":{},"pid":15304},
{"startTime":"2020-08-07T09:28:30.341Z","categoryName":"json-test","data":["OPTIONS/api/upload"],"level":{"level":20000,"levelStr":"INFO","colour":"green"},"context":{},"pid":15304},
{"startTime":"2020-08-07T09:28:30.433Z","categoryName":"json-test","data":["POST/api/upload"],"level":{"level":20000,"levelStr":"INFO","colour":"green"},"context":{},"pid":15304},
{"startTime":"2020-08-07T09:28:35.353Z","categoryName":"json-test","data":["POST/api/upload"],"level":{"level":20000,"levelStr":"INFO","colour":"green"},"context":{},"pid":15304},
{"startTime":"2020-08-07T09:28:38.454Z","categoryName":"json-test","data":["OPTIONS/api/updateImgs"],"level":{"level":20000,"levelStr":"INFO","colour":"green"},"context":{},"pid":15304},
{"startTime":"2020-08-07T09:28:38.523Z","categoryName":"json-test","data":["POST/api/updateImgs"],"level":{"level":20000,"levelStr":"INFO","colour":"green"},"context":{},"pid":15304},
{"startTime":"2020-08-07T09:28:38.603Z","categoryName":"json-test","data":["OPTIONS/api/getImgs"],"level":{"level":20000,"levelStr":"INFO","colour":"green"},"context":{},"pid":15304},
{"startTime":"2020-08-07T09:28:38.673Z","categoryName":"json-test","data":["POST/api/getImgs"],"level":{"level":20000,"levelStr":"INFO","colour":"green"},"context":{},"pid":15304},
{"startTime":"2020-08-07T09:28:41.131Z","categoryName":"json-test","data":["POST/api/getImgs"],"level":{"level":20000,"levelStr":"INFO","colour":"green"},"context":{},"pid":15304},
{"startTime":"2020-08-07T09:29:56.811Z","categoryName":"json-test","data":["OPTIONS/api/getImgs"],"level":{"level":20000,"levelStr":"INFO","colour":"green"},"context":{},"pid":8628},
{"startTime":"2020-08-07T09:29:56.890Z","categoryName":"json-test","data":["POST/api/getImgs"],"level":{"level":20000,"levelStr":"INFO","colour":"green"},"context":{},"pid":8628},
{"startTime":"2020-08-07T09:30:10.786Z","categoryName":"json-test","data":["OPTIONS/api/getImgs"],"level":{"level":20000,"levelStr":"INFO","colour":"green"},"context":{},"pid":13788},
{"startTime":"2020-08-07T09:30:10.860Z","categoryName":"json-test","data":["POST/api/getImgs"],"level":{"level":20000,"levelStr":"INFO","colour":"green"},"context":{},"pid":13788},
{"startTime":"2020-08-07T09:30:14.807Z","categoryName":"json-test","data":["POST/api/getImgs"],"level":{"level":20000,"levelStr":"INFO","colour":"green"},"context":{},"pid":13788},
{"startTime":"2020-08-07T09:30:20.406Z","categoryName":"json-test","data":["OPTIONS/api/upload"],"level":{"level":20000,"levelStr":"INFO","colour":"green"},"context":{},"pid":13788},
{"startTime":"2020-08-07T09:30:20.500Z","categoryName":"json-test","data":["POST/api/upload"],"level":{"level":20000,"levelStr":"INFO","colour":"green"},"context":{},"pid":13788},
{"startTime":"2020-08-07T09:30:20.602Z","categoryName":"json-test","data":["GET/images/1596792620471-u=3633938664,3108122541&fm=26&gp=0.jpg"],"level":{"level":20000,"levelStr":"INFO","colour":"green"},"context":{},"pid":13788},
{"startTime":"2020-08-07T09:30:25.777Z","categoryName":"json-test","data":["OPTIONS/api/upload"],"level":{"level":20000,"levelStr":"INFO","colour":"green"},"context":{},"pid":13788},
{"startTime":"2020-08-07T09:30:25.893Z","categoryName":"json-test","data":["POST/api/upload"],"level":{"level":20000,"levelStr":"INFO","colour":"green"},"context":{},"pid":13788},
{"startTime":"2020-08-07T09:30:25.982Z","categoryName":"json-test","data":["GET/images/1596792625863-%E4%B8%8B%E8%BD%BD%20(2).jpg"],"level":{"level":20000,"levelStr":"INFO","colour":"green"},"context":{},"pid":13788},
{"startTime":"2020-08-07T09:30:27.254Z","categoryName":"json-test","data":["OPTIONS/api/updateImgs"],"level":{"level":20000,"levelStr":"INFO","colour":"green"},"context":{},"pid":13788},
{"startTime":"2020-08-07T09:30:27.322Z","categoryName":"json-test","data":["POST/api/updateImgs"],"level":{"level":20000,"levelStr":"INFO","colour":"green"},"context":{},"pid":13788},
{"startTime":"2020-08-07T09:30:27.397Z","categoryName":"json-test","data":["OPTIONS/api/getImgs"],"level":{"level":20000,"levelStr":"INFO","colour":"green"},"context":{},"pid":13788},
{"startTime":"2020-08-07T09:30:27.458Z","categoryName":"json-test","data":["POST/api/getImgs"],"level":{"level":20000,"levelStr":"INFO","colour":"green"},"context":{},"pid":13788},
{"startTime":"2020-08-07T09:30:34.532Z","categoryName":"json-test","data":["OPTIONS/api/getImgs"],"level":{"level":20000,"levelStr":"INFO","colour":"green"},"context":{},"pid":13788},
{"startTime":"2020-08-07T09:30:34.606Z","categoryName":"json-test","data":["POST/api/getImgs"],"level":{"level":20000,"levelStr":"INFO","colour":"green"},"context":{},"pid":13788},
{"startTime":"2020-08-07T09:30:34.688Z","categoryName":"json-test","data":["GET/images/1596792625863-%E4%B8%8B%E8%BD%BD%20(2).jpg"],"level":{"level":20000,"levelStr":"INFO","colour":"green"},"context":{},"pid":13788},
{"startTime":"2020-08-07T09:30:34.722Z","categoryName":"json-test","data":["GET/images/1596792620471-u=3633938664,3108122541&fm=26&gp=0.jpg"],"level":{"level":20000,"levelStr":"INFO","colour":"green"},"context":{},"pid":13788},
{"startTime":"2020-08-07T09:30:42.559Z","categoryName":"json-test","data":["OPTIONS/api/getImgs"],"level":{"level":20000,"levelStr":"INFO","colour":"green"},"context":{},"pid":13788},
{"startTime":"2020-08-07T09:30:42.769Z","categoryName":"json-test","data":["POST/api/getImgs"],"level":{"level":20000,"levelStr":"INFO","colour":"green"},"context":{},"pid":13788},
{"startTime":"2020-08-07T09:30:42.862Z","categoryName":"json-test","data":["GET/images/1596792625863-%E4%B8%8B%E8%BD%BD%20(2).jpg"],"level":{"level":20000,"levelStr":"INFO","colour":"green"},"context":{},"pid":13788},
{"startTime":"2020-08-07T09:30:42.865Z","categoryName":"json-test","data":["GET/images/1596792620471-u=3633938664,3108122541&fm=26&gp=0.jpg"],"level":{"level":20000,"levelStr":"INFO","colour":"green"},"context":{},"pid":13788},
{"startTime":"2020-08-07T09:35:31.259Z","categoryName":"json-test","data":["OPTIONS/login"],"level":{"level":20000,"levelStr":"INFO","colour":"green"},"context":{},"pid":13788},
{"startTime":"2020-08-07T09:35:31.328Z","categoryName":"json-test","data":["POST/login"],"level":{"level":20000,"levelStr":"INFO","colour":"green"},"context":{},"pid":13788},
{"startTime":"2020-08-07T09:35:38.769Z","categoryName":"json-test","data":["OPTIONS/api/getImgs"],"level":{"level":20000,"levelStr":"INFO","colour":"green"},"context":{},"pid":13788},
{"startTime":"2020-08-07T09:35:38.850Z","categoryName":"json-test","data":["POST/api/getImgs"],"level":{"level":20000,"levelStr":"INFO","colour":"green"},"context":{},"pid":13788},
{"startTime":"2020-08-07T09:35:38.995Z","categoryName":"json-test","data":["GET/images/1596792620471-u=3633938664,3108122541&fm=26&gp=0.jpg"],"level":{"level":20000,"levelStr":"INFO","colour":"green"},"context":{},"pid":13788},
{"startTime":"2020-08-07T09:35:39.001Z","categoryName":"json-test","data":["GET/images/1596792625863-%E4%B8%8B%E8%BD%BD%20(2).jpg"],"level":{"level":20000,"levelStr":"INFO","colour":"green"},"context":{},"pid":13788},
